
Collecting tasks from: tasks.py
=================== Running: [96morder_robots_from_RobotSpareBin[0m ===================
1
False
1
True
1
True
1
False
1
False
1
False
1
False
1
False
1
False
1
True
1
False
1
False
1
False
1
False
1
False
1
False
1
True
1
False
1
True
1
False
1
False
1
True
1
False
1
True
1
False
1
True
1
False
1
False
ZIP file created
[96morder_robots_from_RobotSpareBin[0m status: PASS
================================================================================
Robocorp Log (html): c:\Users\138086\OneDrive - Cognizant\Documents\my-rsb-robot\output\log.html
